  Robot.cpp
d:\softwaredevelopmentproject\c++projects\jaegeropengl\jaeger\jaeger\robot.cpp(90): warning C4244: '=': conversion from 'int' to 'float', possible loss of data
d:\softwaredevelopmentproject\c++projects\jaegeropengl\jaeger\jaeger\robot.cpp(91): warning C4244: '=': conversion from 'int' to 'float', possible loss of data
d:\softwaredevelopmentproject\c++projects\jaegeropengl\jaeger\jaeger\robot.cpp(96): warning C4244: '=': conversion from 'int' to 'float', possible loss of data
d:\softwaredevelopmentproject\c++projects\jaegeropengl\jaeger\jaeger\robot.cpp(97): warning C4244: '=': conversion from 'int' to 'float', possible loss of data
d:\softwaredevelopmentproject\c++projects\jaegeropengl\jaeger\jaeger\robot.cpp(188): warning C4244: 'argument': conversion from 'float' to 'GLint', possible loss of data
d:\softwaredevelopmentproject\c++projects\jaegeropengl\jaeger\jaeger\robot.cpp(199): warning C4244: 'argument': conversion from 'float' to 'GLint', possible loss of data
d:\softwaredevelopmentproject\c++projects\jaegeropengl\jaeger\jaeger\robot.cpp(304): warning C4305: 'argument': truncation from 'double' to 'GLfloat'
d:\softwaredevelopmentproject\c++projects\jaegeropengl\jaeger\jaeger\robot.cpp(305): warning C4305: 'argument': truncation from 'double' to 'GLfloat'
d:\softwaredevelopmentproject\c++projects\jaegeropengl\jaeger\jaeger\robot.cpp(306): warning C4305: 'argument': truncation from 'double' to 'GLfloat'
d:\softwaredevelopmentproject\c++projects\jaegeropengl\jaeger\jaeger\robot.cpp(310): warning C4305: 'argument': truncation from 'double' to 'GLfloat'
d:\softwaredevelopmentproject\c++projects\jaegeropengl\jaeger\jaeger\robot.cpp(311): warning C4305: 'argument': truncation from 'double' to 'GLfloat'
d:\softwaredevelopmentproject\c++projects\jaegeropengl\jaeger\jaeger\robot.cpp(317): warning C4305: 'argument': truncation from 'double' to 'GLfloat'
d:\softwaredevelopmentproject\c++projects\jaegeropengl\jaeger\jaeger\robot.cpp(318): warning C4305: 'argument': truncation from 'double' to 'GLfloat'
d:\softwaredevelopmentproject\c++projects\jaegeropengl\jaeger\jaeger\robot.cpp(326): warning C4305: 'argument': truncation from 'double' to 'GLfloat'
d:\softwaredevelopmentproject\c++projects\jaegeropengl\jaeger\jaeger\robot.cpp(327): warning C4305: 'argument': truncation from 'double' to 'GLfloat'
d:\softwaredevelopmentproject\c++projects\jaegeropengl\jaeger\jaeger\robot.cpp(340): warning C4552: '-': result of expression not used
d:\softwaredevelopmentproject\c++projects\jaegeropengl\jaeger\jaeger\robot.cpp(340): warning C4305: '+=': truncation from 'double' to 'float'
d:\softwaredevelopmentproject\c++projects\jaegeropengl\jaeger\jaeger\robot.cpp(342): warning C4244: '=': conversion from 'double' to 'float', possible loss of data
d:\softwaredevelopmentproject\c++projects\jaegeropengl\jaeger\jaeger\robot.cpp(343): warning C4244: '=': conversion from 'double' to 'float', possible loss of data
d:\softwaredevelopmentproject\c++projects\jaegeropengl\jaeger\jaeger\robot.cpp(363): warning C4305: 'argument': truncation from 'double' to 'GLfloat'
d:\softwaredevelopmentproject\c++projects\jaegeropengl\jaeger\jaeger\robot.cpp(364): warning C4305: 'argument': truncation from 'double' to 'GLfloat'
d:\softwaredevelopmentproject\c++projects\jaegeropengl\jaeger\jaeger\robot.cpp(365): warning C4305: 'argument': truncation from 'double' to 'GLfloat'
d:\softwaredevelopmentproject\c++projects\jaegeropengl\jaeger\jaeger\robot.cpp(370): warning C4305: 'argument': truncation from 'double' to 'GLfloat'
d:\softwaredevelopmentproject\c++projects\jaegeropengl\jaeger\jaeger\robot.cpp(371): warning C4305: 'argument': truncation from 'double' to 'GLfloat'
d:\softwaredevelopmentproject\c++projects\jaegeropengl\jaeger\jaeger\robot.cpp(372): warning C4305: 'argument': truncation from 'double' to 'GLfloat'
d:\softwaredevelopmentproject\c++projects\jaegeropengl\jaeger\jaeger\robot.cpp(377): warning C4305: 'argument': truncation from 'double' to 'GLfloat'
d:\softwaredevelopmentproject\c++projects\jaegeropengl\jaeger\jaeger\robot.cpp(379): warning C4305: 'argument': truncation from 'double' to 'float'
d:\softwaredevelopmentproject\c++projects\jaegeropengl\jaeger\jaeger\robot.cpp(383): warning C4305: 'argument': truncation from 'double' to 'GLfloat'
d:\softwaredevelopmentproject\c++projects\jaegeropengl\jaeger\jaeger\robot.cpp(385): warning C4305: 'argument': truncation from 'double' to 'float'
d:\softwaredevelopmentproject\c++projects\jaegeropengl\jaeger\jaeger\robot.cpp(389): warning C4305: 'argument': truncation from 'double' to 'GLfloat'
d:\softwaredevelopmentproject\c++projects\jaegeropengl\jaeger\jaeger\robot.cpp(391): warning C4305: 'argument': truncation from 'double' to 'float'
d:\softwaredevelopmentproject\c++projects\jaegeropengl\jaeger\jaeger\robot.cpp(395): warning C4305: 'argument': truncation from 'double' to 'GLfloat'
d:\softwaredevelopmentproject\c++projects\jaegeropengl\jaeger\jaeger\robot.cpp(397): warning C4305: 'argument': truncation from 'double' to 'float'
d:\softwaredevelopmentproject\c++projects\jaegeropengl\jaeger\jaeger\robot.cpp(401): warning C4305: 'argument': truncation from 'double' to 'GLfloat'
d:\softwaredevelopmentproject\c++projects\jaegeropengl\jaeger\jaeger\robot.cpp(402): warning C4305: 'argument': truncation from 'double' to 'GLfloat'
d:\softwaredevelopmentproject\c++projects\jaegeropengl\jaeger\jaeger\robot.cpp(407): warning C4305: 'argument': truncation from 'double' to 'GLfloat'
d:\softwaredevelopmentproject\c++projects\jaegeropengl\jaeger\jaeger\robot.cpp(408): warning C4305: 'argument': truncation from 'double' to 'GLfloat'
d:\softwaredevelopmentproject\c++projects\jaegeropengl\jaeger\jaeger\robot.cpp(413): warning C4305: 'argument': truncation from 'double' to 'GLfloat'
d:\softwaredevelopmentproject\c++projects\jaegeropengl\jaeger\jaeger\robot.cpp(415): warning C4305: 'argument': truncation from 'double' to 'float'
d:\softwaredevelopmentproject\c++projects\jaegeropengl\jaeger\jaeger\robot.cpp(419): warning C4305: 'argument': truncation from 'double' to 'GLfloat'
d:\softwaredevelopmentproject\c++projects\jaegeropengl\jaeger\jaeger\robot.cpp(420): warning C4305: 'argument': truncation from 'double' to 'GLfloat'
d:\softwaredevelopmentproject\c++projects\jaegeropengl\jaeger\jaeger\robot.cpp(425): warning C4305: 'argument': truncation from 'double' to 'GLfloat'
d:\softwaredevelopmentproject\c++projects\jaegeropengl\jaeger\jaeger\robot.cpp(428): warning C4305: 'argument': truncation from 'double' to 'float'
d:\softwaredevelopmentproject\c++projects\jaegeropengl\jaeger\jaeger\robot.cpp(431): warning C4305: 'argument': truncation from 'double' to 'GLfloat'
d:\softwaredevelopmentproject\c++projects\jaegeropengl\jaeger\jaeger\robot.cpp(433): warning C4305: 'argument': truncation from 'double' to 'GLfloat'
d:\softwaredevelopmentproject\c++projects\jaegeropengl\jaeger\jaeger\robot.cpp(437): warning C4305: 'argument': truncation from 'double' to 'GLfloat'
d:\softwaredevelopmentproject\c++projects\jaegeropengl\jaeger\jaeger\robot.cpp(438): warning C4305: 'argument': truncation from 'double' to 'GLfloat'
d:\softwaredevelopmentproject\c++projects\jaegeropengl\jaeger\jaeger\robot.cpp(447): warning C4305: 'argument': truncation from 'double' to 'GLfloat'
d:\softwaredevelopmentproject\c++projects\jaegeropengl\jaeger\jaeger\robot.cpp(448): warning C4305: 'argument': truncation from 'double' to 'GLfloat'
d:\softwaredevelopmentproject\c++projects\jaegeropengl\jaeger\jaeger\robot.cpp(449): warning C4305: 'argument': truncation from 'double' to 'GLfloat'
d:\softwaredevelopmentproject\c++projects\jaegeropengl\jaeger\jaeger\robot.cpp(454): warning C4305: 'argument': truncation from 'double' to 'GLfloat'
d:\softwaredevelopmentproject\c++projects\jaegeropengl\jaeger\jaeger\robot.cpp(455): warning C4305: 'argument': truncation from 'double' to 'GLfloat'
d:\softwaredevelopmentproject\c++projects\jaegeropengl\jaeger\jaeger\robot.cpp(456): warning C4305: 'argument': truncation from 'double' to 'GLfloat'
d:\softwaredevelopmentproject\c++projects\jaegeropengl\jaeger\jaeger\robot.cpp(461): warning C4305: 'argument': truncation from 'double' to 'GLfloat'
d:\softwaredevelopmentproject\c++projects\jaegeropengl\jaeger\jaeger\robot.cpp(463): warning C4305: 'argument': truncation from 'double' to 'float'
d:\softwaredevelopmentproject\c++projects\jaegeropengl\jaeger\jaeger\robot.cpp(467): warning C4305: 'argument': truncation from 'double' to 'GLfloat'
d:\softwaredevelopmentproject\c++projects\jaegeropengl\jaeger\jaeger\robot.cpp(469): warning C4305: 'argument': truncation from 'double' to 'float'
d:\softwaredevelopmentproject\c++projects\jaegeropengl\jaeger\jaeger\robot.cpp(473): warning C4305: 'argument': truncation from 'double' to 'GLfloat'
d:\softwaredevelopmentproject\c++projects\jaegeropengl\jaeger\jaeger\robot.cpp(475): warning C4305: 'argument': truncation from 'double' to 'float'
d:\softwaredevelopmentproject\c++projects\jaegeropengl\jaeger\jaeger\robot.cpp(479): warning C4305: 'argument': truncation from 'double' to 'GLfloat'
d:\softwaredevelopmentproject\c++projects\jaegeropengl\jaeger\jaeger\robot.cpp(481): warning C4305: 'argument': truncation from 'double' to 'float'
d:\softwaredevelopmentproject\c++projects\jaegeropengl\jaeger\jaeger\robot.cpp(485): warning C4305: 'argument': truncation from 'double' to 'GLfloat'
d:\softwaredevelopmentproject\c++projects\jaegeropengl\jaeger\jaeger\robot.cpp(486): warning C4305: 'argument': truncation from 'double' to 'GLfloat'
d:\softwaredevelopmentproject\c++projects\jaegeropengl\jaeger\jaeger\robot.cpp(491): warning C4305: 'argument': truncation from 'double' to 'GLfloat'
d:\softwaredevelopmentproject\c++projects\jaegeropengl\jaeger\jaeger\robot.cpp(492): warning C4305: 'argument': truncation from 'double' to 'GLfloat'
d:\softwaredevelopmentproject\c++projects\jaegeropengl\jaeger\jaeger\robot.cpp(497): warning C4305: 'argument': truncation from 'double' to 'GLfloat'
d:\softwaredevelopmentproject\c++projects\jaegeropengl\jaeger\jaeger\robot.cpp(499): warning C4305: 'argument': truncation from 'double' to 'float'
d:\softwaredevelopmentproject\c++projects\jaegeropengl\jaeger\jaeger\robot.cpp(503): warning C4305: 'argument': truncation from 'double' to 'GLfloat'
d:\softwaredevelopmentproject\c++projects\jaegeropengl\jaeger\jaeger\robot.cpp(504): warning C4305: 'argument': truncation from 'double' to 'GLfloat'
d:\softwaredevelopmentproject\c++projects\jaegeropengl\jaeger\jaeger\robot.cpp(509): warning C4305: 'argument': truncation from 'double' to 'GLfloat'
d:\softwaredevelopmentproject\c++projects\jaegeropengl\jaeger\jaeger\robot.cpp(512): warning C4305: 'argument': truncation from 'double' to 'float'
d:\softwaredevelopmentproject\c++projects\jaegeropengl\jaeger\jaeger\robot.cpp(515): warning C4305: 'argument': truncation from 'double' to 'GLfloat'
d:\softwaredevelopmentproject\c++projects\jaegeropengl\jaeger\jaeger\robot.cpp(517): warning C4305: 'argument': truncation from 'double' to 'GLfloat'
d:\softwaredevelopmentproject\c++projects\jaegeropengl\jaeger\jaeger\robot.cpp(521): warning C4305: 'argument': truncation from 'double' to 'GLfloat'
d:\softwaredevelopmentproject\c++projects\jaegeropengl\jaeger\jaeger\robot.cpp(522): warning C4305: 'argument': truncation from 'double' to 'GLfloat'
d:\softwaredevelopmentproject\c++projects\jaegeropengl\jaeger\jaeger\robot.cpp(532): warning C4305: 'argument': truncation from 'double' to 'GLfloat'
d:\softwaredevelopmentproject\c++projects\jaegeropengl\jaeger\jaeger\robot.cpp(533): warning C4305: 'argument': truncation from 'double' to 'GLfloat'
d:\softwaredevelopmentproject\c++projects\jaegeropengl\jaeger\jaeger\robot.cpp(538): warning C4305: 'argument': truncation from 'double' to 'GLfloat'
d:\softwaredevelopmentproject\c++projects\jaegeropengl\jaeger\jaeger\robot.cpp(540): warning C4305: 'argument': truncation from 'double' to 'GLfloat'
d:\softwaredevelopmentproject\c++projects\jaegeropengl\jaeger\jaeger\robot.cpp(541): warning C4305: 'argument': truncation from 'double' to 'float'
d:\softwaredevelopmentproject\c++projects\jaegeropengl\jaeger\jaeger\robot.cpp(546): warning C4305: 'argument': truncation from 'double' to 'GLfloat'
d:\softwaredevelopmentproject\c++projects\jaegeropengl\jaeger\jaeger\robot.cpp(548): warning C4305: 'argument': truncation from 'double' to 'GLfloat'
d:\softwaredevelopmentproject\c++projects\jaegeropengl\jaeger\jaeger\robot.cpp(549): warning C4305: 'argument': truncation from 'double' to 'GLfloat'
d:\softwaredevelopmentproject\c++projects\jaegeropengl\jaeger\jaeger\robot.cpp(550): warning C4305: 'argument': truncation from 'double' to 'float'
d:\softwaredevelopmentproject\c++projects\jaegeropengl\jaeger\jaeger\robot.cpp(554): warning C4305: 'argument': truncation from 'double' to 'GLfloat'
d:\softwaredevelopmentproject\c++projects\jaegeropengl\jaeger\jaeger\robot.cpp(557): warning C4305: 'argument': truncation from 'double' to 'GLfloat'
d:\softwaredevelopmentproject\c++projects\jaegeropengl\jaeger\jaeger\robot.cpp(558): warning C4305: 'argument': truncation from 'double' to 'float'
d:\softwaredevelopmentproject\c++projects\jaegeropengl\jaeger\jaeger\robot.cpp(562): warning C4305: 'argument': truncation from 'double' to 'GLfloat'
d:\softwaredevelopmentproject\c++projects\jaegeropengl\jaeger\jaeger\robot.cpp(563): warning C4305: 'argument': truncation from 'double' to 'GLfloat'
d:\softwaredevelopmentproject\c++projects\jaegeropengl\jaeger\jaeger\robot.cpp(564): warning C4305: 'argument': truncation from 'double' to 'GLfloat'
d:\softwaredevelopmentproject\c++projects\jaegeropengl\jaeger\jaeger\robot.cpp(586): warning C4305: 'argument': truncation from 'double' to 'GLfloat'
d:\softwaredevelopmentproject\c++projects\jaegeropengl\jaeger\jaeger\robot.cpp(588): warning C4305: 'argument': truncation from 'double' to 'GLfloat'
d:\softwaredevelopmentproject\c++projects\jaegeropengl\jaeger\jaeger\robot.cpp(590): warning C4305: 'argument': truncation from 'double' to 'GLfloat'
d:\softwaredevelopmentproject\c++projects\jaegeropengl\jaeger\jaeger\robot.cpp(595): warning C4305: 'argument': truncation from 'double' to 'GLfloat'
d:\softwaredevelopmentproject\c++projects\jaegeropengl\jaeger\jaeger\robot.cpp(597): warning C4305: 'argument': truncation from 'double' to 'GLfloat'
d:\softwaredevelopmentproject\c++projects\jaegeropengl\jaeger\jaeger\robot.cpp(602): warning C4305: 'argument': truncation from 'double' to 'GLfloat'
d:\softwaredevelopmentproject\c++projects\jaegeropengl\jaeger\jaeger\robot.cpp(604): warning C4305: 'argument': truncation from 'double' to 'GLfloat'
d:\softwaredevelopmentproject\c++projects\jaegeropengl\jaeger\jaeger\robot.cpp(609): warning C4305: 'argument': truncation from 'double' to 'GLfloat'
d:\softwaredevelopmentproject\c++projects\jaegeropengl\jaeger\jaeger\robot.cpp(611): warning C4305: 'argument': truncation from 'double' to 'GLfloat'
d:\softwaredevelopmentproject\c++projects\jaegeropengl\jaeger\jaeger\robot.cpp(616): warning C4305: 'argument': truncation from 'double' to 'GLfloat'
d:\softwaredevelopmentproject\c++projects\jaegeropengl\jaeger\jaeger\robot.cpp(618): warning C4305: 'argument': truncation from 'double' to 'GLfloat'
d:\softwaredevelopmentproject\c++projects\jaegeropengl\jaeger\jaeger\robot.cpp(623): warning C4305: 'argument': truncation from 'double' to 'GLfloat'
d:\softwaredevelopmentproject\c++projects\jaegeropengl\jaeger\jaeger\robot.cpp(625): warning C4305: 'argument': truncation from 'double' to 'GLfloat'
d:\softwaredevelopmentproject\c++projects\jaegeropengl\jaeger\jaeger\robot.cpp(630): warning C4305: 'argument': truncation from 'double' to 'GLfloat'
d:\softwaredevelopmentproject\c++projects\jaegeropengl\jaeger\jaeger\robot.cpp(632): warning C4305: 'argument': truncation from 'double' to 'GLfloat'
d:\softwaredevelopmentproject\c++projects\jaegeropengl\jaeger\jaeger\robot.cpp(637): warning C4305: 'argument': truncation from 'double' to 'GLfloat'
d:\softwaredevelopmentproject\c++projects\jaegeropengl\jaeger\jaeger\robot.cpp(639): warning C4305: 'argument': truncation from 'double' to 'GLfloat'
d:\softwaredevelopmentproject\c++projects\jaegeropengl\jaeger\jaeger\robot.cpp(644): warning C4305: 'argument': truncation from 'double' to 'GLfloat'
d:\softwaredevelopmentproject\c++projects\jaegeropengl\jaeger\jaeger\robot.cpp(646): warning C4305: 'argument': truncation from 'double' to 'GLfloat'
d:\softwaredevelopmentproject\c++projects\jaegeropengl\jaeger\jaeger\robot.cpp(651): warning C4305: 'argument': truncation from 'double' to 'GLfloat'
d:\softwaredevelopmentproject\c++projects\jaegeropengl\jaeger\jaeger\robot.cpp(653): warning C4305: 'argument': truncation from 'double' to 'GLfloat'
d:\softwaredevelopmentproject\c++projects\jaegeropengl\jaeger\jaeger\robot.cpp(655): warning C4305: 'argument': truncation from 'double' to 'float'
d:\softwaredevelopmentproject\c++projects\jaegeropengl\jaeger\jaeger\robot.cpp(659): warning C4305: 'argument': truncation from 'double' to 'GLfloat'
d:\softwaredevelopmentproject\c++projects\jaegeropengl\jaeger\jaeger\robot.cpp(661): warning C4305: 'argument': truncation from 'double' to 'float'
d:\softwaredevelopmentproject\c++projects\jaegeropengl\jaeger\jaeger\robot.cpp(665): warning C4305: 'argument': truncation from 'double' to 'GLfloat'
d:\softwaredevelopmentproject\c++projects\jaegeropengl\jaeger\jaeger\robot.cpp(667): warning C4305: 'argument': truncation from 'double' to 'float'
d:\softwaredevelopmentproject\c++projects\jaegeropengl\jaeger\jaeger\robot.cpp(671): warning C4305: 'argument': truncation from 'double' to 'GLfloat'
d:\softwaredevelopmentproject\c++projects\jaegeropengl\jaeger\jaeger\robot.cpp(673): warning C4305: 'argument': truncation from 'double' to 'float'
d:\softwaredevelopmentproject\c++projects\jaegeropengl\jaeger\jaeger\robot.cpp(677): warning C4305: 'argument': truncation from 'double' to 'GLfloat'
d:\softwaredevelopmentproject\c++projects\jaegeropengl\jaeger\jaeger\robot.cpp(679): warning C4305: 'argument': truncation from 'double' to 'float'
d:\softwaredevelopmentproject\c++projects\jaegeropengl\jaeger\jaeger\robot.cpp(683): warning C4305: 'argument': truncation from 'double' to 'GLfloat'
d:\softwaredevelopmentproject\c++projects\jaegeropengl\jaeger\jaeger\robot.cpp(685): warning C4305: 'argument': truncation from 'double' to 'float'
d:\softwaredevelopmentproject\c++projects\jaegeropengl\jaeger\jaeger\robot.cpp(689): warning C4305: 'argument': truncation from 'double' to 'GLfloat'
d:\softwaredevelopmentproject\c++projects\jaegeropengl\jaeger\jaeger\robot.cpp(691): warning C4305: 'argument': truncation from 'double' to 'float'
d:\softwaredevelopmentproject\c++projects\jaegeropengl\jaeger\jaeger\robot.cpp(695): warning C4305: 'argument': truncation from 'double' to 'GLfloat'
d:\softwaredevelopmentproject\c++projects\jaegeropengl\jaeger\jaeger\robot.cpp(697): warning C4305: 'argument': truncation from 'double' to 'float'
d:\softwaredevelopmentproject\c++projects\jaegeropengl\jaeger\jaeger\robot.cpp(701): warning C4305: 'argument': truncation from 'double' to 'GLfloat'
d:\softwaredevelopmentproject\c++projects\jaegeropengl\jaeger\jaeger\robot.cpp(703): warning C4305: 'argument': truncation from 'double' to 'float'
d:\softwaredevelopmentproject\c++projects\jaegeropengl\jaeger\jaeger\robot.cpp(711): warning C4305: 'argument': truncation from 'double' to 'GLfloat'
d:\softwaredevelopmentproject\c++projects\jaegeropengl\jaeger\jaeger\robot.cpp(713): warning C4305: 'argument': truncation from 'double' to 'GLfloat'
d:\softwaredevelopmentproject\c++projects\jaegeropengl\jaeger\jaeger\robot.cpp(718): warning C4305: 'argument': truncation from 'double' to 'GLfloat'
d:\softwaredevelopmentproject\c++projects\jaegeropengl\jaeger\jaeger\robot.cpp(719): warning C4305: 'argument': truncation from 'double' to 'GLfloat'
d:\softwaredevelopmentproject\c++projects\jaegeropengl\jaeger\jaeger\robot.cpp(724): warning C4305: 'argument': truncation from 'double' to 'GLfloat'
d:\softwaredevelopmentproject\c++projects\jaegeropengl\jaeger\jaeger\robot.cpp(725): warning C4305: 'argument': truncation from 'double' to 'GLfloat'
d:\softwaredevelopmentproject\c++projects\jaegeropengl\jaeger\jaeger\robot.cpp(730): warning C4305: 'argument': truncation from 'double' to 'GLfloat'
d:\softwaredevelopmentproject\c++projects\jaegeropengl\jaeger\jaeger\robot.cpp(732): warning C4305: 'argument': truncation from 'double' to 'GLfloat'
d:\softwaredevelopmentproject\c++projects\jaegeropengl\jaeger\jaeger\robot.cpp(738): warning C4305: 'argument': truncation from 'double' to 'GLfloat'
d:\softwaredevelopmentproject\c++projects\jaegeropengl\jaeger\jaeger\robot.cpp(740): warning C4305: 'argument': truncation from 'double' to 'GLfloat'
d:\softwaredevelopmentproject\c++projects\jaegeropengl\jaeger\jaeger\robot.cpp(745): warning C4305: 'argument': truncation from 'double' to 'GLfloat'
d:\softwaredevelopmentproject\c++projects\jaegeropengl\jaeger\jaeger\robot.cpp(747): warning C4305: 'argument': truncation from 'double' to 'GLfloat'
d:\softwaredevelopmentproject\c++projects\jaegeropengl\jaeger\jaeger\robot.cpp(753): warning C4305: 'argument': truncation from 'double' to 'GLfloat'
d:\softwaredevelopmentproject\c++projects\jaegeropengl\jaeger\jaeger\robot.cpp(755): warning C4305: 'argument': truncation from 'double' to 'GLfloat'
d:\softwaredevelopmentproject\c++projects\jaegeropengl\jaeger\jaeger\robot.cpp(761): warning C4305: 'argument': truncation from 'double' to 'GLfloat'
d:\softwaredevelopmentproject\c++projects\jaegeropengl\jaeger\jaeger\robot.cpp(764): warning C4305: 'argument': truncation from 'double' to 'GLfloat'
d:\softwaredevelopmentproject\c++projects\jaegeropengl\jaeger\jaeger\robot.cpp(769): warning C4305: 'argument': truncation from 'double' to 'GLfloat'
d:\softwaredevelopmentproject\c++projects\jaegeropengl\jaeger\jaeger\robot.cpp(772): warning C4305: 'argument': truncation from 'double' to 'GLfloat'
d:\softwaredevelopmentproject\c++projects\jaegeropengl\jaeger\jaeger\robot.cpp(777): warning C4305: 'argument': truncation from 'double' to 'GLfloat'
d:\softwaredevelopmentproject\c++projects\jaegeropengl\jaeger\jaeger\robot.cpp(779): warning C4305: 'argument': truncation from 'double' to 'GLfloat'
d:\softwaredevelopmentproject\c++projects\jaegeropengl\jaeger\jaeger\robot.cpp(784): warning C4305: 'argument': truncation from 'double' to 'GLfloat'
d:\softwaredevelopmentproject\c++projects\jaegeropengl\jaeger\jaeger\robot.cpp(786): warning C4305: 'argument': truncation from 'double' to 'GLfloat'
d:\softwaredevelopmentproject\c++projects\jaegeropengl\jaeger\jaeger\robot.cpp(791): warning C4305: 'argument': truncation from 'double' to 'GLfloat'
d:\softwaredevelopmentproject\c++projects\jaegeropengl\jaeger\jaeger\robot.cpp(794): warning C4305: 'argument': truncation from 'double' to 'GLfloat'
d:\softwaredevelopmentproject\c++projects\jaegeropengl\jaeger\jaeger\robot.cpp(799): warning C4305: 'argument': truncation from 'double' to 'GLfloat'
d:\softwaredevelopmentproject\c++projects\jaegeropengl\jaeger\jaeger\robot.cpp(801): warning C4305: 'argument': truncation from 'double' to 'GLfloat'
d:\softwaredevelopmentproject\c++projects\jaegeropengl\jaeger\jaeger\robot.cpp(806): warning C4305: 'argument': truncation from 'double' to 'GLfloat'
d:\softwaredevelopmentproject\c++projects\jaegeropengl\jaeger\jaeger\robot.cpp(807): warning C4305: 'argument': truncation from 'double' to 'GLfloat'
d:\softwaredevelopmentproject\c++projects\jaegeropengl\jaeger\jaeger\robot.cpp(812): warning C4305: 'argument': truncation from 'double' to 'GLfloat'
d:\softwaredevelopmentproject\c++projects\jaegeropengl\jaeger\jaeger\robot.cpp(814): warning C4305: 'argument': truncation from 'double' to 'GLfloat'
d:\softwaredevelopmentproject\c++projects\jaegeropengl\jaeger\jaeger\robot.cpp(820): warning C4305: 'argument': truncation from 'double' to 'GLfloat'
d:\softwaredevelopmentproject\c++projects\jaegeropengl\jaeger\jaeger\robot.cpp(822): warning C4305: 'argument': truncation from 'double' to 'GLfloat'
d:\softwaredevelopmentproject\c++projects\jaegeropengl\jaeger\jaeger\robot.cpp(827): warning C4305: 'argument': truncation from 'double' to 'GLfloat'
d:\softwaredevelopmentproject\c++projects\jaegeropengl\jaeger\jaeger\robot.cpp(828): warning C4305: 'argument': truncation from 'double' to 'GLfloat'
d:\softwaredevelopmentproject\c++projects\jaegeropengl\jaeger\jaeger\robot.cpp(833): warning C4305: 'argument': truncation from 'double' to 'GLfloat'
d:\softwaredevelopmentproject\c++projects\jaegeropengl\jaeger\jaeger\robot.cpp(834): warning C4305: 'argument': truncation from 'double' to 'GLfloat'
d:\softwaredevelopmentproject\c++projects\jaegeropengl\jaeger\jaeger\robot.cpp(839): warning C4305: 'argument': truncation from 'double' to 'GLfloat'
d:\softwaredevelopmentproject\c++projects\jaegeropengl\jaeger\jaeger\robot.cpp(841): warning C4305: 'argument': truncation from 'double' to 'GLfloat'
d:\softwaredevelopmentproject\c++projects\jaegeropengl\jaeger\jaeger\robot.cpp(847): warning C4305: 'argument': truncation from 'double' to 'GLfloat'
d:\softwaredevelopmentproject\c++projects\jaegeropengl\jaeger\jaeger\robot.cpp(850): warning C4305: 'argument': truncation from 'double' to 'GLfloat'
d:\softwaredevelopmentproject\c++projects\jaegeropengl\jaeger\jaeger\robot.cpp(856): warning C4305: 'argument': truncation from 'double' to 'GLfloat'
d:\softwaredevelopmentproject\c++projects\jaegeropengl\jaeger\jaeger\robot.cpp(858): warning C4305: 'argument': truncation from 'double' to 'GLfloat'
d:\softwaredevelopmentproject\c++projects\jaegeropengl\jaeger\jaeger\robot.cpp(864): warning C4305: 'argument': truncation from 'double' to 'GLfloat'
d:\softwaredevelopmentproject\c++projects\jaegeropengl\jaeger\jaeger\robot.cpp(867): warning C4305: 'argument': truncation from 'double' to 'GLfloat'
d:\softwaredevelopmentproject\c++projects\jaegeropengl\jaeger\jaeger\robot.cpp(872): warning C4305: 'argument': truncation from 'double' to 'GLfloat'
d:\softwaredevelopmentproject\c++projects\jaegeropengl\jaeger\jaeger\robot.cpp(875): warning C4305: 'argument': truncation from 'double' to 'GLfloat'
d:\softwaredevelopmentproject\c++projects\jaegeropengl\jaeger\jaeger\robot.cpp(880): warning C4305: 'argument': truncation from 'double' to 'GLfloat'
d:\softwaredevelopmentproject\c++projects\jaegeropengl\jaeger\jaeger\robot.cpp(883): warning C4305: 'argument': truncation from 'double' to 'GLfloat'
d:\softwaredevelopmentproject\c++projects\jaegeropengl\jaeger\jaeger\robot.cpp(888): warning C4305: 'argument': truncation from 'double' to 'GLfloat'
d:\softwaredevelopmentproject\c++projects\jaegeropengl\jaeger\jaeger\robot.cpp(890): warning C4305: 'argument': truncation from 'double' to 'GLfloat'
d:\softwaredevelopmentproject\c++projects\jaegeropengl\jaeger\jaeger\robot.cpp(895): warning C4305: 'argument': truncation from 'double' to 'GLfloat'
d:\softwaredevelopmentproject\c++projects\jaegeropengl\jaeger\jaeger\robot.cpp(897): warning C4305: 'argument': truncation from 'double' to 'GLfloat'
d:\softwaredevelopmentproject\c++projects\jaegeropengl\jaeger\jaeger\robot.cpp(901): warning C4305: 'argument': truncation from 'double' to 'GLfloat'
d:\softwaredevelopmentproject\c++projects\jaegeropengl\jaeger\jaeger\robot.cpp(905): warning C4305: 'argument': truncation from 'double' to 'GLfloat'
d:\softwaredevelopmentproject\c++projects\jaegeropengl\jaeger\jaeger\robot.cpp(910): warning C4305: 'argument': truncation from 'double' to 'GLfloat'
d:\softwaredevelopmentproject\c++projects\jaegeropengl\jaeger\jaeger\robot.cpp(912): warning C4305: 'argument': truncation from 'double' to 'GLfloat'
d:\softwaredevelopmentproject\c++projects\jaegeropengl\jaeger\jaeger\robot.cpp(917): warning C4305: 'argument': truncation from 'double' to 'GLfloat'
d:\softwaredevelopmentproject\c++projects\jaegeropengl\jaeger\jaeger\robot.cpp(918): warning C4305: 'argument': truncation from 'double' to 'GLfloat'
d:\softwaredevelopmentproject\c++projects\jaegeropengl\jaeger\jaeger\robot.cpp(923): warning C4305: 'argument': truncation from 'double' to 'GLfloat'
d:\softwaredevelopmentproject\c++projects\jaegeropengl\jaeger\jaeger\robot.cpp(925): warning C4305: 'argument': truncation from 'double' to 'GLfloat'
d:\softwaredevelopmentproject\c++projects\jaegeropengl\jaeger\jaeger\robot.cpp(931): warning C4305: 'argument': truncation from 'double' to 'GLfloat'
d:\softwaredevelopmentproject\c++projects\jaegeropengl\jaeger\jaeger\robot.cpp(933): warning C4305: 'argument': truncation from 'double' to 'GLfloat'
d:\softwaredevelopmentproject\c++projects\jaegeropengl\jaeger\jaeger\robot.cpp(938): warning C4305: 'argument': truncation from 'double' to 'GLfloat'
d:\softwaredevelopmentproject\c++projects\jaegeropengl\jaeger\jaeger\robot.cpp(939): warning C4305: 'argument': truncation from 'double' to 'GLfloat'
d:\softwaredevelopmentproject\c++projects\jaegeropengl\jaeger\jaeger\robot.cpp(947): warning C4305: 'argument': truncation from 'double' to 'GLfloat'
d:\softwaredevelopmentproject\c++projects\jaegeropengl\jaeger\jaeger\robot.cpp(949): warning C4305: 'argument': truncation from 'double' to 'float'
d:\softwaredevelopmentproject\c++projects\jaegeropengl\jaeger\jaeger\robot.cpp(956): warning C4305: 'argument': truncation from 'double' to 'GLfloat'
d:\softwaredevelopmentproject\c++projects\jaegeropengl\jaeger\jaeger\robot.cpp(959): warning C4305: 'argument': truncation from 'double' to 'GLfloat'
d:\softwaredevelopmentproject\c++projects\jaegeropengl\jaeger\jaeger\robot.cpp(960): warning C4305: 'argument': truncation from 'double' to 'GLfloat'
d:\softwaredevelopmentproject\c++projects\jaegeropengl\jaeger\jaeger\robot.cpp(961): warning C4305: 'argument': truncation from 'double' to 'GLfloat'
d:\softwaredevelopmentproject\c++projects\jaegeropengl\jaeger\jaeger\robot.cpp(962): warning C4305: 'argument': truncation from 'double' to 'GLfloat'
d:\softwaredevelopmentproject\c++projects\jaegeropengl\jaeger\jaeger\robot.cpp(966): warning C4305: 'argument': truncation from 'double' to 'GLfloat'
d:\softwaredevelopmentproject\c++projects\jaegeropengl\jaeger\jaeger\robot.cpp(967): warning C4305: 'argument': truncation from 'double' to 'GLfloat'
d:\softwaredevelopmentproject\c++projects\jaegeropengl\jaeger\jaeger\robot.cpp(968): warning C4305: 'argument': truncation from 'double' to 'GLfloat'
d:\softwaredevelopmentproject\c++projects\jaegeropengl\jaeger\jaeger\robot.cpp(969): warning C4305: 'argument': truncation from 'double' to 'GLfloat'
d:\softwaredevelopmentproject\c++projects\jaegeropengl\jaeger\jaeger\robot.cpp(973): warning C4305: 'argument': truncation from 'double' to 'GLfloat'
d:\softwaredevelopmentproject\c++projects\jaegeropengl\jaeger\jaeger\robot.cpp(974): warning C4305: 'argument': truncation from 'double' to 'GLfloat'
d:\softwaredevelopmentproject\c++projects\jaegeropengl\jaeger\jaeger\robot.cpp(975): warning C4305: 'argument': truncation from 'double' to 'GLfloat'
d:\softwaredevelopmentproject\c++projects\jaegeropengl\jaeger\jaeger\robot.cpp(976): warning C4305: 'argument': truncation from 'double' to 'GLfloat'
d:\softwaredevelopmentproject\c++projects\jaegeropengl\jaeger\jaeger\robot.cpp(985): warning C4305: 'argument': truncation from 'double' to 'GLfloat'
d:\softwaredevelopmentproject\c++projects\jaegeropengl\jaeger\jaeger\robot.cpp(986): warning C4305: 'argument': truncation from 'double' to 'GLfloat'
d:\softwaredevelopmentproject\c++projects\jaegeropengl\jaeger\jaeger\robot.cpp(991): warning C4305: 'argument': truncation from 'double' to 'GLfloat'
d:\softwaredevelopmentproject\c++projects\jaegeropengl\jaeger\jaeger\robot.cpp(992): warning C4305: 'argument': truncation from 'double' to 'GLfloat'
d:\softwaredevelopmentproject\c++projects\jaegeropengl\jaeger\jaeger\robot.cpp(996): warning C4305: 'argument': truncation from 'double' to 'GLfloat'
d:\softwaredevelopmentproject\c++projects\jaegeropengl\jaeger\jaeger\robot.cpp(998): warning C4305: 'argument': truncation from 'double' to 'GLfloat'
d:\softwaredevelopmentproject\c++projects\jaegeropengl\jaeger\jaeger\robot.cpp(1002): warning C4305: 'argument': truncation from 'double' to 'GLfloat'
d:\softwaredevelopmentproject\c++projects\jaegeropengl\jaeger\jaeger\robot.cpp(1004): warning C4305: 'argument': truncation from 'double' to 'GLfloat'
d:\softwaredevelopmentproject\c++projects\jaegeropengl\jaeger\jaeger\robot.cpp(1009): warning C4305: 'argument': truncation from 'double' to 'GLfloat'
d:\softwaredevelopmentproject\c++projects\jaegeropengl\jaeger\jaeger\robot.cpp(1010): warning C4305: 'argument': truncation from 'double' to 'GLfloat'
d:\softwaredevelopmentproject\c++projects\jaegeropengl\jaeger\jaeger\robot.cpp(1014): warning C4305: 'argument': truncation from 'double' to 'GLfloat'
d:\softwaredevelopmentproject\c++projects\jaegeropengl\jaeger\jaeger\robot.cpp(1017): warning C4305: 'argument': truncation from 'double' to 'GLfloat'
d:\softwaredevelopmentproject\c++projects\jaegeropengl\jaeger\jaeger\robot.cpp(1021): warning C4305: 'argument': truncation from 'double' to 'GLfloat'
d:\softwaredevelopmentproject\c++projects\jaegeropengl\jaeger\jaeger\robot.cpp(1023): warning C4305: 'argument': truncation from 'double' to 'GLfloat'
d:\softwaredevelopmentproject\c++projects\jaegeropengl\jaeger\jaeger\robot.cpp(1028): warning C4305: 'argument': truncation from 'double' to 'GLfloat'
d:\softwaredevelopmentproject\c++projects\jaegeropengl\jaeger\jaeger\robot.cpp(1029): warning C4305: 'argument': truncation from 'double' to 'GLfloat'
d:\softwaredevelopmentproject\c++projects\jaegeropengl\jaeger\jaeger\robot.cpp(1034): warning C4305: 'argument': truncation from 'double' to 'GLfloat'
d:\softwaredevelopmentproject\c++projects\jaegeropengl\jaeger\jaeger\robot.cpp(1035): warning C4305: 'argument': truncation from 'double' to 'GLfloat'
d:\softwaredevelopmentproject\c++projects\jaegeropengl\jaeger\jaeger\robot.cpp(1039): warning C4305: 'argument': truncation from 'double' to 'GLfloat'
d:\softwaredevelopmentproject\c++projects\jaegeropengl\jaeger\jaeger\robot.cpp(1041): warning C4305: 'argument': truncation from 'double' to 'GLfloat'
d:\softwaredevelopmentproject\c++projects\jaegeropengl\jaeger\jaeger\robot.cpp(1045): warning C4305: 'argument': truncation from 'double' to 'GLfloat'
d:\softwaredevelopmentproject\c++projects\jaegeropengl\jaeger\jaeger\robot.cpp(1047): warning C4305: 'argument': truncation from 'double' to 'GLfloat'
d:\softwaredevelopmentproject\c++projects\jaegeropengl\jaeger\jaeger\robot.cpp(1052): warning C4305: 'argument': truncation from 'double' to 'GLfloat'
d:\softwaredevelopmentproject\c++projects\jaegeropengl\jaeger\jaeger\robot.cpp(1053): warning C4305: 'argument': truncation from 'double' to 'GLfloat'
d:\softwaredevelopmentproject\c++projects\jaegeropengl\jaeger\jaeger\robot.cpp(1057): warning C4305: 'argument': truncation from 'double' to 'GLfloat'
d:\softwaredevelopmentproject\c++projects\jaegeropengl\jaeger\jaeger\robot.cpp(1060): warning C4305: 'argument': truncation from 'double' to 'GLfloat'
d:\softwaredevelopmentproject\c++projects\jaegeropengl\jaeger\jaeger\robot.cpp(1064): warning C4305: 'argument': truncation from 'double' to 'GLfloat'
d:\softwaredevelopmentproject\c++projects\jaegeropengl\jaeger\jaeger\robot.cpp(1066): warning C4305: 'argument': truncation from 'double' to 'GLfloat'
d:\softwaredevelopmentproject\c++projects\jaegeropengl\jaeger\jaeger\robot.cpp(1071): warning C4305: 'argument': truncation from 'double' to 'GLfloat'
d:\softwaredevelopmentproject\c++projects\jaegeropengl\jaeger\jaeger\robot.cpp(1072): warning C4305: 'argument': truncation from 'double' to 'GLfloat'
d:\softwaredevelopmentproject\c++projects\jaegeropengl\jaeger\jaeger\robot.cpp(1077): warning C4305: 'argument': truncation from 'double' to 'GLfloat'
d:\softwaredevelopmentproject\c++projects\jaegeropengl\jaeger\jaeger\robot.cpp(1078): warning C4305: 'argument': truncation from 'double' to 'GLfloat'
d:\softwaredevelopmentproject\c++projects\jaegeropengl\jaeger\jaeger\robot.cpp(1082): warning C4305: 'argument': truncation from 'double' to 'GLfloat'
d:\softwaredevelopmentproject\c++projects\jaegeropengl\jaeger\jaeger\robot.cpp(1084): warning C4305: 'argument': truncation from 'double' to 'GLfloat'
d:\softwaredevelopmentproject\c++projects\jaegeropengl\jaeger\jaeger\robot.cpp(1088): warning C4305: 'argument': truncation from 'double' to 'GLfloat'
d:\softwaredevelopmentproject\c++projects\jaegeropengl\jaeger\jaeger\robot.cpp(1090): warning C4305: 'argument': truncation from 'double' to 'GLfloat'
d:\softwaredevelopmentproject\c++projects\jaegeropengl\jaeger\jaeger\robot.cpp(1095): warning C4305: 'argument': truncation from 'double' to 'GLfloat'
d:\softwaredevelopmentproject\c++projects\jaegeropengl\jaeger\jaeger\robot.cpp(1096): warning C4305: 'argument': truncation from 'double' to 'GLfloat'
d:\softwaredevelopmentproject\c++projects\jaegeropengl\jaeger\jaeger\robot.cpp(1100): warning C4305: 'argument': truncation from 'double' to 'GLfloat'
d:\softwaredevelopmentproject\c++projects\jaegeropengl\jaeger\jaeger\robot.cpp(1103): warning C4305: 'argument': truncation from 'double' to 'GLfloat'
d:\softwaredevelopmentproject\c++projects\jaegeropengl\jaeger\jaeger\robot.cpp(1107): warning C4305: 'argument': truncation from 'double' to 'GLfloat'
d:\softwaredevelopmentproject\c++projects\jaegeropengl\jaeger\jaeger\robot.cpp(1109): warning C4305: 'argument': truncation from 'double' to 'GLfloat'
d:\softwaredevelopmentproject\c++projects\jaegeropengl\jaeger\jaeger\robot.cpp(1115): warning C4305: 'argument': truncation from 'double' to 'GLfloat'
d:\softwaredevelopmentproject\c++projects\jaegeropengl\jaeger\jaeger\robot.cpp(1120): warning C4305: 'argument': truncation from 'double' to 'GLfloat'
d:\softwaredevelopmentproject\c++projects\jaegeropengl\jaeger\jaeger\robot.cpp(1121): warning C4305: 'argument': truncation from 'double' to 'GLfloat'
d:\softwaredevelopmentproject\c++projects\jaegeropengl\jaeger\jaeger\robot.cpp(1125): warning C4305: 'argument': truncation from 'double' to 'GLfloat'
d:\softwaredevelopmentproject\c++projects\jaegeropengl\jaeger\jaeger\robot.cpp(1127): warning C4305: 'argument': truncation from 'double' to 'GLfloat'
d:\softwaredevelopmentproject\c++projects\jaegeropengl\jaeger\jaeger\robot.cpp(1131): warning C4305: 'argument': truncation from 'double' to 'GLfloat'
d:\softwaredevelopmentproject\c++projects\jaegeropengl\jaeger\jaeger\robot.cpp(1133): warning C4305: 'argument': truncation from 'double' to 'GLfloat'
d:\softwaredevelopmentproject\c++projects\jaegeropengl\jaeger\jaeger\robot.cpp(1138): warning C4305: 'argument': truncation from 'double' to 'GLfloat'
d:\softwaredevelopmentproject\c++projects\jaegeropengl\jaeger\jaeger\robot.cpp(1139): warning C4305: 'argument': truncation from 'double' to 'GLfloat'
d:\softwaredevelopmentproject\c++projects\jaegeropengl\jaeger\jaeger\robot.cpp(1143): warning C4305: 'argument': truncation from 'double' to 'GLfloat'
d:\softwaredevelopmentproject\c++projects\jaegeropengl\jaeger\jaeger\robot.cpp(1146): warning C4305: 'argument': truncation from 'double' to 'GLfloat'
d:\softwaredevelopmentproject\c++projects\jaegeropengl\jaeger\jaeger\robot.cpp(1150): warning C4305: 'argument': truncation from 'double' to 'GLfloat'
d:\softwaredevelopmentproject\c++projects\jaegeropengl\jaeger\jaeger\robot.cpp(1152): warning C4305: 'argument': truncation from 'double' to 'GLfloat'
d:\softwaredevelopmentproject\c++projects\jaegeropengl\jaeger\jaeger\robot.cpp(1157): warning C4305: 'argument': truncation from 'double' to 'GLfloat'
d:\softwaredevelopmentproject\c++projects\jaegeropengl\jaeger\jaeger\robot.cpp(1158): warning C4305: 'argument': truncation from 'double' to 'GLfloat'
d:\softwaredevelopmentproject\c++projects\jaegeropengl\jaeger\jaeger\robot.cpp(1163): warning C4305: 'argument': truncation from 'double' to 'GLfloat'
d:\softwaredevelopmentproject\c++projects\jaegeropengl\jaeger\jaeger\robot.cpp(1165): warning C4305: 'argument': truncation from 'double' to 'GLfloat'
d:\softwaredevelopmentproject\c++projects\jaegeropengl\jaeger\jaeger\robot.cpp(1170): warning C4305: 'argument': truncation from 'double' to 'GLfloat'
d:\softwaredevelopmentproject\c++projects\jaegeropengl\jaeger\jaeger\robot.cpp(1173): warning C4305: 'argument': truncation from 'double' to 'GLfloat'
d:\softwaredevelopmentproject\c++projects\jaegeropengl\jaeger\jaeger\robot.cpp(1178): warning C4305: 'argument': truncation from 'double' to 'GLfloat'
d:\softwaredevelopmentproject\c++projects\jaegeropengl\jaeger\jaeger\robot.cpp(1180): warning C4305: 'argument': truncation from 'double' to 'GLfloat'
d:\softwaredevelopmentproject\c++projects\jaegeropengl\jaeger\jaeger\robot.cpp(1185): warning C4305: 'argument': truncation from 'double' to 'GLfloat'
d:\softwaredevelopmentproject\c++projects\jaegeropengl\jaeger\jaeger\robot.cpp(1187): warning C4305: 'argument': truncation from 'double' to 'GLfloat'
d:\softwaredevelopmentproject\c++projects\jaegeropengl\jaeger\jaeger\robot.cpp(1193): warning C4305: 'argument': truncation from 'double' to 'GLfloat'
d:\softwaredevelopmentproject\c++projects\jaegeropengl\jaeger\jaeger\robot.cpp(1195): warning C4305: 'argument': truncation from 'double' to 'GLfloat'
d:\softwaredevelopmentproject\c++projects\jaegeropengl\jaeger\jaeger\robot.cpp(1199): warning C4305: 'argument': truncation from 'double' to 'GLfloat'
d:\softwaredevelopmentproject\c++projects\jaegeropengl\jaeger\jaeger\robot.cpp(1201): warning C4305: 'argument': truncation from 'double' to 'GLfloat'
d:\softwaredevelopmentproject\c++projects\jaegeropengl\jaeger\jaeger\robot.cpp(1206): warning C4305: 'argument': truncation from 'double' to 'GLfloat'
d:\softwaredevelopmentproject\c++projects\jaegeropengl\jaeger\jaeger\robot.cpp(1208): warning C4305: 'argument': truncation from 'double' to 'GLfloat'
d:\softwaredevelopmentproject\c++projects\jaegeropengl\jaeger\jaeger\robot.cpp(1212): warning C4305: 'argument': truncation from 'double' to 'GLfloat'
d:\softwaredevelopmentproject\c++projects\jaegeropengl\jaeger\jaeger\robot.cpp(1215): warning C4305: 'argument': truncation from 'double' to 'GLfloat'
d:\softwaredevelopmentproject\c++projects\jaegeropengl\jaeger\jaeger\robot.cpp(1220): warning C4305: 'argument': truncation from 'double' to 'GLfloat'
d:\softwaredevelopmentproject\c++projects\jaegeropengl\jaeger\jaeger\robot.cpp(1223): warning C4305: 'argument': truncation from 'double' to 'GLfloat'
d:\softwaredevelopmentproject\c++projects\jaegeropengl\jaeger\jaeger\robot.cpp(1227): warning C4305: 'argument': truncation from 'double' to 'GLfloat'
d:\softwaredevelopmentproject\c++projects\jaegeropengl\jaeger\jaeger\robot.cpp(1231): warning C4305: 'argument': truncation from 'double' to 'GLfloat'
d:\softwaredevelopmentproject\c++projects\jaegeropengl\jaeger\jaeger\robot.cpp(1237): warning C4305: 'argument': truncation from 'double' to 'GLfloat'
d:\softwaredevelopmentproject\c++projects\jaegeropengl\jaeger\jaeger\robot.cpp(1241): warning C4305: 'argument': truncation from 'double' to 'GLfloat'
d:\softwaredevelopmentproject\c++projects\jaegeropengl\jaeger\jaeger\robot.cpp(1245): warning C4305: 'argument': truncation from 'double' to 'GLfloat'
d:\softwaredevelopmentproject\c++projects\jaegeropengl\jaeger\jaeger\robot.cpp(1249): warning C4305: 'argument': truncation from 'double' to 'GLfloat'
d:\softwaredevelopmentproject\c++projects\jaegeropengl\jaeger\jaeger\robot.cpp(1258): warning C4305: 'argument': truncation from 'double' to 'GLfloat'
d:\softwaredevelopmentproject\c++projects\jaegeropengl\jaeger\jaeger\robot.cpp(1260): warning C4305: 'argument': truncation from 'double' to 'GLfloat'
d:\softwaredevelopmentproject\c++projects\jaegeropengl\jaeger\jaeger\robot.cpp(1264): warning C4305: 'argument': truncation from 'double' to 'GLfloat'
d:\softwaredevelopmentproject\c++projects\jaegeropengl\jaeger\jaeger\robot.cpp(1267): warning C4305: 'argument': truncation from 'double' to 'GLfloat'
d:\softwaredevelopmentproject\c++projects\jaegeropengl\jaeger\jaeger\robot.cpp(1271): warning C4305: 'argument': truncation from 'double' to 'GLfloat'
d:\softwaredevelopmentproject\c++projects\jaegeropengl\jaeger\jaeger\robot.cpp(1275): warning C4305: 'argument': truncation from 'double' to 'GLfloat'
d:\softwaredevelopmentproject\c++projects\jaegeropengl\jaeger\jaeger\robot.cpp(1281): warning C4305: 'argument': truncation from 'double' to 'GLfloat'
d:\softwaredevelopmentproject\c++projects\jaegeropengl\jaeger\jaeger\robot.cpp(1282): warning C4305: 'argument': truncation from 'double' to 'GLfloat'
d:\softwaredevelopmentproject\c++projects\jaegeropengl\jaeger\jaeger\robot.cpp(1287): warning C4305: 'argument': truncation from 'double' to 'GLfloat'
d:\softwaredevelopmentproject\c++projects\jaegeropengl\jaeger\jaeger\robot.cpp(1289): warning C4305: 'argument': truncation from 'double' to 'GLfloat'
d:\softwaredevelopmentproject\c++projects\jaegeropengl\jaeger\jaeger\robot.cpp(1293): warning C4305: 'argument': truncation from 'double' to 'GLfloat'
d:\softwaredevelopmentproject\c++projects\jaegeropengl\jaeger\jaeger\robot.cpp(1294): warning C4305: 'argument': truncation from 'double' to 'GLfloat'
d:\softwaredevelopmentproject\c++projects\jaegeropengl\jaeger\jaeger\robot.cpp(1298): warning C4305: 'argument': truncation from 'double' to 'GLfloat'
d:\softwaredevelopmentproject\c++projects\jaegeropengl\jaeger\jaeger\robot.cpp(1300): warning C4305: 'argument': truncation from 'double' to 'GLfloat'
d:\softwaredevelopmentproject\c++projects\jaegeropengl\jaeger\jaeger\robot.cpp(1305): warning C4305: 'argument': truncation from 'double' to 'GLfloat'
d:\softwaredevelopmentproject\c++projects\jaegeropengl\jaeger\jaeger\robot.cpp(1307): warning C4305: 'argument': truncation from 'double' to 'GLfloat'
d:\softwaredevelopmentproject\c++projects\jaegeropengl\jaeger\jaeger\robot.cpp(1311): warning C4305: 'argument': truncation from 'double' to 'GLfloat'
d:\softwaredevelopmentproject\c++projects\jaegeropengl\jaeger\jaeger\robot.cpp(1312): warning C4305: 'argument': truncation from 'double' to 'GLfloat'
d:\softwaredevelopmentproject\c++projects\jaegeropengl\jaeger\jaeger\robot.cpp(1316): warning C4305: 'argument': truncation from 'double' to 'GLfloat'
d:\softwaredevelopmentproject\c++projects\jaegeropengl\jaeger\jaeger\robot.cpp(1318): warning C4305: 'argument': truncation from 'double' to 'GLfloat'
d:\softwaredevelopmentproject\c++projects\jaegeropengl\jaeger\jaeger\robot.cpp(1324): warning C4305: 'argument': truncation from 'double' to 'GLfloat'
d:\softwaredevelopmentproject\c++projects\jaegeropengl\jaeger\jaeger\robot.cpp(1326): warning C4305: 'argument': truncation from 'double' to 'GLfloat'
d:\softwaredevelopmentproject\c++projects\jaegeropengl\jaeger\jaeger\robot.cpp(1330): warning C4305: 'argument': truncation from 'double' to 'GLfloat'
d:\softwaredevelopmentproject\c++projects\jaegeropengl\jaeger\jaeger\robot.cpp(1333): warning C4305: 'argument': truncation from 'double' to 'GLfloat'
d:\softwaredevelopmentproject\c++projects\jaegeropengl\jaeger\jaeger\robot.cpp(1337): warning C4305: 'argument': truncation from 'double' to 'GLfloat'
d:\softwaredevelopmentproject\c++projects\jaegeropengl\jaeger\jaeger\robot.cpp(1341): warning C4305: 'argument': truncation from 'double' to 'GLfloat'
d:\softwaredevelopmentproject\c++projects\jaegeropengl\jaeger\jaeger\robot.cpp(1347): warning C4305: 'argument': truncation from 'double' to 'GLfloat'
d:\softwaredevelopmentproject\c++projects\jaegeropengl\jaeger\jaeger\robot.cpp(1349): warning C4305: 'argument': truncation from 'double' to 'GLfloat'
d:\softwaredevelopmentproject\c++projects\jaegeropengl\jaeger\jaeger\robot.cpp(1354): warning C4305: 'argument': truncation from 'double' to 'GLfloat'
d:\softwaredevelopmentproject\c++projects\jaegeropengl\jaeger\jaeger\robot.cpp(1357): warning C4305: 'argument': truncation from 'double' to 'GLfloat'
d:\softwaredevelopmentproject\c++projects\jaegeropengl\jaeger\jaeger\robot.cpp(1361): warning C4305: 'argument': truncation from 'double' to 'GLfloat'
d:\softwaredevelopmentproject\c++projects\jaegeropengl\jaeger\jaeger\robot.cpp(1364): warning C4305: 'argument': truncation from 'double' to 'GLfloat'
d:\softwaredevelopmentproject\c++projects\jaegeropengl\jaeger\jaeger\robot.cpp(1369): warning C4305: 'argument': truncation from 'double' to 'GLfloat'
d:\softwaredevelopmentproject\c++projects\jaegeropengl\jaeger\jaeger\robot.cpp(1372): warning C4305: 'argument': truncation from 'double' to 'GLfloat'
d:\softwaredevelopmentproject\c++projects\jaegeropengl\jaeger\jaeger\robot.cpp(1376): warning C4305: 'argument': truncation from 'double' to 'GLfloat'
d:\softwaredevelopmentproject\c++projects\jaegeropengl\jaeger\jaeger\robot.cpp(1379): warning C4305: 'argument': truncation from 'double' to 'GLfloat'
d:\softwaredevelopmentproject\c++projects\jaegeropengl\jaeger\jaeger\robot.cpp(1386): warning C4305: 'argument': truncation from 'double' to 'GLfloat'
d:\softwaredevelopmentproject\c++projects\jaegeropengl\jaeger\jaeger\robot.cpp(1388): warning C4305: 'argument': truncation from 'double' to 'GLfloat'
d:\softwaredevelopmentproject\c++projects\jaegeropengl\jaeger\jaeger\robot.cpp(1394): warning C4305: 'argument': truncation from 'double' to 'GLfloat'
d:\softwaredevelopmentproject\c++projects\jaegeropengl\jaeger\jaeger\robot.cpp(1395): warning C4305: 'argument': truncation from 'double' to 'GLfloat'
d:\softwaredevelopmentproject\c++projects\jaegeropengl\jaeger\jaeger\robot.cpp(1400): warning C4305: 'argument': truncation from 'double' to 'GLfloat'
d:\softwaredevelopmentproject\c++projects\jaegeropengl\jaeger\jaeger\robot.cpp(1402): warning C4305: 'argument': truncation from 'double' to 'GLfloat'
d:\softwaredevelopmentproject\c++projects\jaegeropengl\jaeger\jaeger\robot.cpp(1406): warning C4305: 'argument': truncation from 'double' to 'GLfloat'
d:\softwaredevelopmentproject\c++projects\jaegeropengl\jaeger\jaeger\robot.cpp(1407): warning C4305: 'argument': truncation from 'double' to 'GLfloat'
d:\softwaredevelopmentproject\c++projects\jaegeropengl\jaeger\jaeger\robot.cpp(1411): warning C4305: 'argument': truncation from 'double' to 'GLfloat'
d:\softwaredevelopmentproject\c++projects\jaegeropengl\jaeger\jaeger\robot.cpp(1413): warning C4305: 'argument': truncation from 'double' to 'float'
d:\softwaredevelopmentproject\c++projects\jaegeropengl\jaeger\jaeger\robot.cpp(1417): warning C4305: 'argument': truncation from 'double' to 'GLfloat'
d:\softwaredevelopmentproject\c++projects\jaegeropengl\jaeger\jaeger\robot.cpp(1419): warning C4305: 'argument': truncation from 'double' to 'GLfloat'
d:\softwaredevelopmentproject\c++projects\jaegeropengl\jaeger\jaeger\robot.cpp(1423): warning C4305: 'argument': truncation from 'double' to 'GLfloat'
d:\softwaredevelopmentproject\c++projects\jaegeropengl\jaeger\jaeger\robot.cpp(1424): warning C4305: 'argument': truncation from 'double' to 'GLfloat'
d:\softwaredevelopmentproject\c++projects\jaegeropengl\jaeger\jaeger\robot.cpp(1428): warning C4305: 'argument': truncation from 'double' to 'GLfloat'
d:\softwaredevelopmentproject\c++projects\jaegeropengl\jaeger\jaeger\robot.cpp(1430): warning C4305: 'argument': truncation from 'double' to 'float'
d:\softwaredevelopmentproject\c++projects\jaegeropengl\jaeger\jaeger\robot.cpp(1435): warning C4305: 'argument': truncation from 'double' to 'GLfloat'
d:\softwaredevelopmentproject\c++projects\jaegeropengl\jaeger\jaeger\robot.cpp(1437): warning C4305: 'argument': truncation from 'double' to 'GLfloat'
d:\softwaredevelopmentproject\c++projects\jaegeropengl\jaeger\jaeger\robot.cpp(1442): warning C4305: 'argument': truncation from 'double' to 'GLfloat'
d:\softwaredevelopmentproject\c++projects\jaegeropengl\jaeger\jaeger\robot.cpp(1444): warning C4305: 'argument': truncation from 'double' to 'GLfloat'
d:\softwaredevelopmentproject\c++projects\jaegeropengl\jaeger\jaeger\robot.cpp(1448): warning C4305: 'argument': truncation from 'double' to 'GLfloat'
d:\softwaredevelopmentproject\c++projects\jaegeropengl\jaeger\jaeger\robot.cpp(1451): warning C4305: 'argument': truncation from 'double' to 'GLfloat'
d:\softwaredevelopmentproject\c++projects\jaegeropengl\jaeger\jaeger\robot.cpp(1455): warning C4305: 'argument': truncation from 'double' to 'GLfloat'
d:\softwaredevelopmentproject\c++projects\jaegeropengl\jaeger\jaeger\robot.cpp(1459): warning C4305: 'argument': truncation from 'double' to 'GLfloat'
d:\softwaredevelopmentproject\c++projects\jaegeropengl\jaeger\jaeger\robot.cpp(1464): warning C4305: 'argument': truncation from 'double' to 'GLfloat'
d:\softwaredevelopmentproject\c++projects\jaegeropengl\jaeger\jaeger\robot.cpp(1465): warning C4305: 'argument': truncation from 'double' to 'GLfloat'
d:\softwaredevelopmentproject\c++projects\jaegeropengl\jaeger\jaeger\robot.cpp(1469): warning C4305: 'argument': truncation from 'double' to 'GLfloat'
d:\softwaredevelopmentproject\c++projects\jaegeropengl\jaeger\jaeger\robot.cpp(1471): warning C4305: 'argument': truncation from 'double' to 'GLfloat'
d:\softwaredevelopmentproject\c++projects\jaegeropengl\jaeger\jaeger\robot.cpp(1475): warning C4305: 'argument': truncation from 'double' to 'GLfloat'
d:\softwaredevelopmentproject\c++projects\jaegeropengl\jaeger\jaeger\robot.cpp(1476): warning C4305: 'argument': truncation from 'double' to 'GLfloat'
d:\softwaredevelopmentproject\c++projects\jaegeropengl\jaeger\jaeger\robot.cpp(1481): warning C4305: 'argument': truncation from 'double' to 'GLfloat'
d:\softwaredevelopmentproject\c++projects\jaegeropengl\jaeger\jaeger\robot.cpp(1483): warning C4305: 'argument': truncation from 'double' to 'GLfloat'
d:\softwaredevelopmentproject\c++projects\jaegeropengl\jaeger\jaeger\robot.cpp(1487): warning C4305: 'argument': truncation from 'double' to 'GLfloat'
d:\softwaredevelopmentproject\c++projects\jaegeropengl\jaeger\jaeger\robot.cpp(1488): warning C4305: 'argument': truncation from 'double' to 'GLfloat'
d:\softwaredevelopmentproject\c++projects\jaegeropengl\jaeger\jaeger\robot.cpp(1492): warning C4305: 'argument': truncation from 'double' to 'GLfloat'
d:\softwaredevelopmentproject\c++projects\jaegeropengl\jaeger\jaeger\robot.cpp(1493): warning C4305: 'argument': truncation from 'double' to 'GLfloat'
d:\softwaredevelopmentproject\c++projects\jaegeropengl\jaeger\jaeger\robot.cpp(1499): warning C4305: 'argument': truncation from 'double' to 'GLfloat'
d:\softwaredevelopmentproject\c++projects\jaegeropengl\jaeger\jaeger\robot.cpp(1501): warning C4305: 'argument': truncation from 'double' to 'GLfloat'
d:\softwaredevelopmentproject\c++projects\jaegeropengl\jaeger\jaeger\robot.cpp(1505): warning C4305: 'argument': truncation from 'double' to 'GLfloat'
d:\softwaredevelopmentproject\c++projects\jaegeropengl\jaeger\jaeger\robot.cpp(1506): warning C4305: 'argument': truncation from 'double' to 'GLfloat'
d:\softwaredevelopmentproject\c++projects\jaegeropengl\jaeger\jaeger\robot.cpp(1510): warning C4305: 'argument': truncation from 'double' to 'GLfloat'
d:\softwaredevelopmentproject\c++projects\jaegeropengl\jaeger\jaeger\robot.cpp(1511): warning C4305: 'argument': truncation from 'double' to 'GLfloat'
d:\softwaredevelopmentproject\c++projects\jaegeropengl\jaeger\jaeger\robot.cpp(1521): warning C4305: 'argument': truncation from 'double' to 'GLfloat'
d:\softwaredevelopmentproject\c++projects\jaegeropengl\jaeger\jaeger\robot.cpp(1523): warning C4305: 'argument': truncation from 'double' to 'GLfloat'
d:\softwaredevelopmentproject\c++projects\jaegeropengl\jaeger\jaeger\robot.cpp(1527): warning C4305: 'argument': truncation from 'double' to 'GLfloat'
d:\softwaredevelopmentproject\c++projects\jaegeropengl\jaeger\jaeger\robot.cpp(1530): warning C4305: 'argument': truncation from 'double' to 'GLfloat'
d:\softwaredevelopmentproject\c++projects\jaegeropengl\jaeger\jaeger\robot.cpp(1534): warning C4305: 'argument': truncation from 'double' to 'GLfloat'
d:\softwaredevelopmentproject\c++projects\jaegeropengl\jaeger\jaeger\robot.cpp(1538): warning C4305: 'argument': truncation from 'double' to 'GLfloat'
d:\softwaredevelopmentproject\c++projects\jaegeropengl\jaeger\jaeger\robot.cpp(1544): warning C4305: 'argument': truncation from 'double' to 'GLfloat'
d:\softwaredevelopmentproject\c++projects\jaegeropengl\jaeger\jaeger\robot.cpp(1545): warning C4305: 'argument': truncation from 'double' to 'GLfloat'
d:\softwaredevelopmentproject\c++projects\jaegeropengl\jaeger\jaeger\robot.cpp(1550): warning C4305: 'argument': truncation from 'double' to 'GLfloat'
d:\softwaredevelopmentproject\c++projects\jaegeropengl\jaeger\jaeger\robot.cpp(1552): warning C4305: 'argument': truncation from 'double' to 'GLfloat'
d:\softwaredevelopmentproject\c++projects\jaegeropengl\jaeger\jaeger\robot.cpp(1556): warning C4305: 'argument': truncation from 'double' to 'GLfloat'
d:\softwaredevelopmentproject\c++projects\jaegeropengl\jaeger\jaeger\robot.cpp(1557): warning C4305: 'argument': truncation from 'double' to 'GLfloat'
d:\softwaredevelopmentproject\c++projects\jaegeropengl\jaeger\jaeger\robot.cpp(1561): warning C4305: 'argument': truncation from 'double' to 'GLfloat'
d:\softwaredevelopmentproject\c++projects\jaegeropengl\jaeger\jaeger\robot.cpp(1563): warning C4305: 'argument': truncation from 'double' to 'GLfloat'
d:\softwaredevelopmentproject\c++projects\jaegeropengl\jaeger\jaeger\robot.cpp(1568): warning C4305: 'argument': truncation from 'double' to 'GLfloat'
d:\softwaredevelopmentproject\c++projects\jaegeropengl\jaeger\jaeger\robot.cpp(1570): warning C4305: 'argument': truncation from 'double' to 'GLfloat'
d:\softwaredevelopmentproject\c++projects\jaegeropengl\jaeger\jaeger\robot.cpp(1574): warning C4305: 'argument': truncation from 'double' to 'GLfloat'
d:\softwaredevelopmentproject\c++projects\jaegeropengl\jaeger\jaeger\robot.cpp(1575): warning C4305: 'argument': truncation from 'double' to 'GLfloat'
d:\softwaredevelopmentproject\c++projects\jaegeropengl\jaeger\jaeger\robot.cpp(1579): warning C4305: 'argument': truncation from 'double' to 'GLfloat'
d:\softwaredevelopmentproject\c++projects\jaegeropengl\jaeger\jaeger\robot.cpp(1581): warning C4305: 'argument': truncation from 'double' to 'GLfloat'
d:\softwaredevelopmentproject\c++projects\jaegeropengl\jaeger\jaeger\robot.cpp(1587): warning C4305: 'argument': truncation from 'double' to 'GLfloat'
d:\softwaredevelopmentproject\c++projects\jaegeropengl\jaeger\jaeger\robot.cpp(1589): warning C4305: 'argument': truncation from 'double' to 'GLfloat'
d:\softwaredevelopmentproject\c++projects\jaegeropengl\jaeger\jaeger\robot.cpp(1593): warning C4305: 'argument': truncation from 'double' to 'GLfloat'
d:\softwaredevelopmentproject\c++projects\jaegeropengl\jaeger\jaeger\robot.cpp(1596): warning C4305: 'argument': truncation from 'double' to 'GLfloat'
d:\softwaredevelopmentproject\c++projects\jaegeropengl\jaeger\jaeger\robot.cpp(1600): warning C4305: 'argument': truncation from 'double' to 'GLfloat'
d:\softwaredevelopmentproject\c++projects\jaegeropengl\jaeger\jaeger\robot.cpp(1604): warning C4305: 'argument': truncation from 'double' to 'GLfloat'
d:\softwaredevelopmentproject\c++projects\jaegeropengl\jaeger\jaeger\robot.cpp(1610): warning C4305: 'argument': truncation from 'double' to 'GLfloat'
d:\softwaredevelopmentproject\c++projects\jaegeropengl\jaeger\jaeger\robot.cpp(1612): warning C4305: 'argument': truncation from 'double' to 'GLfloat'
d:\softwaredevelopmentproject\c++projects\jaegeropengl\jaeger\jaeger\robot.cpp(1617): warning C4305: 'argument': truncation from 'double' to 'GLfloat'
d:\softwaredevelopmentproject\c++projects\jaegeropengl\jaeger\jaeger\robot.cpp(1620): warning C4305: 'argument': truncation from 'double' to 'GLfloat'
d:\softwaredevelopmentproject\c++projects\jaegeropengl\jaeger\jaeger\robot.cpp(1624): warning C4305: 'argument': truncation from 'double' to 'GLfloat'
d:\softwaredevelopmentproject\c++projects\jaegeropengl\jaeger\jaeger\robot.cpp(1627): warning C4305: 'argument': truncation from 'double' to 'GLfloat'
d:\softwaredevelopmentproject\c++projects\jaegeropengl\jaeger\jaeger\robot.cpp(1632): warning C4305: 'argument': truncation from 'double' to 'GLfloat'
d:\softwaredevelopmentproject\c++projects\jaegeropengl\jaeger\jaeger\robot.cpp(1635): warning C4305: 'argument': truncation from 'double' to 'GLfloat'
d:\softwaredevelopmentproject\c++projects\jaegeropengl\jaeger\jaeger\robot.cpp(1639): warning C4305: 'argument': truncation from 'double' to 'GLfloat'
d:\softwaredevelopmentproject\c++projects\jaegeropengl\jaeger\jaeger\robot.cpp(1642): warning C4305: 'argument': truncation from 'double' to 'GLfloat'
d:\softwaredevelopmentproject\c++projects\jaegeropengl\jaeger\jaeger\robot.cpp(1648): warning C4305: 'argument': truncation from 'double' to 'GLfloat'
d:\softwaredevelopmentproject\c++projects\jaegeropengl\jaeger\jaeger\robot.cpp(1650): warning C4305: 'argument': truncation from 'double' to 'GLfloat'
d:\softwaredevelopmentproject\c++projects\jaegeropengl\jaeger\jaeger\robot.cpp(1656): warning C4305: 'argument': truncation from 'double' to 'GLfloat'
d:\softwaredevelopmentproject\c++projects\jaegeropengl\jaeger\jaeger\robot.cpp(1657): warning C4305: 'argument': truncation from 'double' to 'GLfloat'
d:\softwaredevelopmentproject\c++projects\jaegeropengl\jaeger\jaeger\robot.cpp(1662): warning C4305: 'argument': truncation from 'double' to 'GLfloat'
d:\softwaredevelopmentproject\c++projects\jaegeropengl\jaeger\jaeger\robot.cpp(1664): warning C4305: 'argument': truncation from 'double' to 'GLfloat'
d:\softwaredevelopmentproject\c++projects\jaegeropengl\jaeger\jaeger\robot.cpp(1668): warning C4305: 'argument': truncation from 'double' to 'GLfloat'
d:\softwaredevelopmentproject\c++projects\jaegeropengl\jaeger\jaeger\robot.cpp(1669): warning C4305: 'argument': truncation from 'double' to 'GLfloat'
d:\softwaredevelopmentproject\c++projects\jaegeropengl\jaeger\jaeger\robot.cpp(1673): warning C4305: 'argument': truncation from 'double' to 'GLfloat'
d:\softwaredevelopmentproject\c++projects\jaegeropengl\jaeger\jaeger\robot.cpp(1675): warning C4305: 'argument': truncation from 'double' to 'float'
d:\softwaredevelopmentproject\c++projects\jaegeropengl\jaeger\jaeger\robot.cpp(1679): warning C4305: 'argument': truncation from 'double' to 'GLfloat'
d:\softwaredevelopmentproject\c++projects\jaegeropengl\jaeger\jaeger\robot.cpp(1681): warning C4305: 'argument': truncation from 'double' to 'GLfloat'
d:\softwaredevelopmentproject\c++projects\jaegeropengl\jaeger\jaeger\robot.cpp(1685): warning C4305: 'argument': truncation from 'double' to 'GLfloat'
d:\softwaredevelopmentproject\c++projects\jaegeropengl\jaeger\jaeger\robot.cpp(1686): warning C4305: 'argument': truncation from 'double' to 'GLfloat'
d:\softwaredevelopmentproject\c++projects\jaegeropengl\jaeger\jaeger\robot.cpp(1690): warning C4305: 'argument': truncation from 'double' to 'GLfloat'
d:\softwaredevelopmentproject\c++projects\jaegeropengl\jaeger\jaeger\robot.cpp(1692): warning C4305: 'argument': truncation from 'double' to 'float'
d:\softwaredevelopmentproject\c++projects\jaegeropengl\jaeger\jaeger\robot.cpp(1697): warning C4305: 'argument': truncation from 'double' to 'GLfloat'
d:\softwaredevelopmentproject\c++projects\jaegeropengl\jaeger\jaeger\robot.cpp(1699): warning C4305: 'argument': truncation from 'double' to 'GLfloat'
d:\softwaredevelopmentproject\c++projects\jaegeropengl\jaeger\jaeger\robot.cpp(1704): warning C4305: 'argument': truncation from 'double' to 'GLfloat'
d:\softwaredevelopmentproject\c++projects\jaegeropengl\jaeger\jaeger\robot.cpp(1706): warning C4305: 'argument': truncation from 'double' to 'GLfloat'
d:\softwaredevelopmentproject\c++projects\jaegeropengl\jaeger\jaeger\robot.cpp(1710): warning C4305: 'argument': truncation from 'double' to 'GLfloat'
d:\softwaredevelopmentproject\c++projects\jaegeropengl\jaeger\jaeger\robot.cpp(1713): warning C4305: 'argument': truncation from 'double' to 'GLfloat'
d:\softwaredevelopmentproject\c++projects\jaegeropengl\jaeger\jaeger\robot.cpp(1717): warning C4305: 'argument': truncation from 'double' to 'GLfloat'
d:\softwaredevelopmentproject\c++projects\jaegeropengl\jaeger\jaeger\robot.cpp(1721): warning C4305: 'argument': truncation from 'double' to 'GLfloat'
d:\softwaredevelopmentproject\c++projects\jaegeropengl\jaeger\jaeger\robot.cpp(1726): warning C4305: 'argument': truncation from 'double' to 'GLfloat'
d:\softwaredevelopmentproject\c++projects\jaegeropengl\jaeger\jaeger\robot.cpp(1727): warning C4305: 'argument': truncation from 'double' to 'GLfloat'
d:\softwaredevelopmentproject\c++projects\jaegeropengl\jaeger\jaeger\robot.cpp(1731): warning C4305: 'argument': truncation from 'double' to 'GLfloat'
d:\softwaredevelopmentproject\c++projects\jaegeropengl\jaeger\jaeger\robot.cpp(1733): warning C4305: 'argument': truncation from 'double' to 'GLfloat'
d:\softwaredevelopmentproject\c++projects\jaegeropengl\jaeger\jaeger\robot.cpp(1737): warning C4305: 'argument': truncation from 'double' to 'GLfloat'
d:\softwaredevelopmentproject\c++projects\jaegeropengl\jaeger\jaeger\robot.cpp(1738): warning C4305: 'argument': truncation from 'double' to 'GLfloat'
d:\softwaredevelopmentproject\c++projects\jaegeropengl\jaeger\jaeger\robot.cpp(1743): warning C4305: 'argument': truncation from 'double' to 'GLfloat'
d:\softwaredevelopmentproject\c++projects\jaegeropengl\jaeger\jaeger\robot.cpp(1745): warning C4305: 'argument': truncation from 'double' to 'GLfloat'
d:\softwaredevelopmentproject\c++projects\jaegeropengl\jaeger\jaeger\robot.cpp(1749): warning C4305: 'argument': truncation from 'double' to 'GLfloat'
d:\softwaredevelopmentproject\c++projects\jaegeropengl\jaeger\jaeger\robot.cpp(1750): warning C4305: 'argument': truncation from 'double' to 'GLfloat'
d:\softwaredevelopmentproject\c++projects\jaegeropengl\jaeger\jaeger\robot.cpp(1754): warning C4305: 'argument': truncation from 'double' to 'GLfloat'
d:\softwaredevelopmentproject\c++projects\jaegeropengl\jaeger\jaeger\robot.cpp(1755): warning C4305: 'argument': truncation from 'double' to 'GLfloat'
d:\softwaredevelopmentproject\c++projects\jaegeropengl\jaeger\jaeger\robot.cpp(1760): warning C4305: 'argument': truncation from 'double' to 'GLfloat'
d:\softwaredevelopmentproject\c++projects\jaegeropengl\jaeger\jaeger\robot.cpp(1762): warning C4305: 'argument': truncation from 'double' to 'GLfloat'
d:\softwaredevelopmentproject\c++projects\jaegeropengl\jaeger\jaeger\robot.cpp(1766): warning C4305: 'argument': truncation from 'double' to 'GLfloat'
d:\softwaredevelopmentproject\c++projects\jaegeropengl\jaeger\jaeger\robot.cpp(1767): warning C4305: 'argument': truncation from 'double' to 'GLfloat'
d:\softwaredevelopmentproject\c++projects\jaegeropengl\jaeger\jaeger\robot.cpp(1771): warning C4305: 'argument': truncation from 'double' to 'GLfloat'
d:\softwaredevelopmentproject\c++projects\jaegeropengl\jaeger\jaeger\robot.cpp(1772): warning C4305: 'argument': truncation from 'double' to 'GLfloat'
  Jaeger.vcxproj -> D:\SoftwareDevelopmentProject\C++Projects\JaegerOpenGL\Jaeger\x64\Debug\Jaeger.exe
